<?xml version="1.0" encoding="UTF-8"?>
<testng-results ignored="0" total="1" passed="1" failed="0" skipped="0">
  <reporter-output>
    <line>
      <![CDATA[app opned]]>
    </line>
    <line>
      <![CDATA[login successfull]]>
    </line>
    <line>
      <![CDATA[100019847]]>
    </line>
    <line>
      <![CDATA[Pending]]>
    </line>
  </reporter-output>
  <suite started-at="2023-08-12T18:23:25 IST" name="Default suite" finished-at="2023-08-12T18:23:40 IST" duration-ms="14901">
    <groups>
    </groups>
    <test started-at="2023-08-12T18:23:25 IST" name="Default test" finished-at="2023-08-12T18:23:40 IST" duration-ms="14901">
      <class name="Live.Etest7">
        <test-method is-config="true" signature="Gopen()[pri:0, instance:Live.Etest7@d29f28]" started-at="2023-08-12T18:23:25 IST" name="Gopen" finished-at="2023-08-12T18:23:33 IST" duration-ms="8083" status="PASS">
          <reporter-output>
            <line>
              <![CDATA[app opned]]>
            </line>
          </reporter-output>
        </test-method> <!-- Gopen -->
        <test-method is-config="true" signature="Glogin()[pri:0, instance:Live.Etest7@d29f28]" started-at="2023-08-12T18:23:33 IST" name="Glogin" finished-at="2023-08-12T18:23:36 IST" duration-ms="2689" status="PASS">
          <reporter-output>
            <line>
              <![CDATA[login successfull]]>
            </line>
          </reporter-output>
        </test-method> <!-- Glogin -->
        <test-method signature="etest7()[pri:0, instance:Live.Etest7@d29f28]" started-at="2023-08-12T18:23:36 IST" name="etest7" finished-at="2023-08-12T18:23:40 IST" duration-ms="4085" status="PASS">
          <reporter-output>
            <line>
              <![CDATA[100019847]]>
            </line>
            <line>
              <![CDATA[Pending]]>
            </line>
          </reporter-output>
        </test-method> <!-- etest7 -->
      </class> <!-- Live.Etest7 -->
    </test> <!-- Default test -->
  </suite> <!-- Default suite -->
</testng-results>
